2026-03-24 20:51:52,094 | INFO | STARTING DAILY MONITORING...
2026-03-24 20:51:52,114 | INFO | Total orders in warehouse: 99,441
2026-03-24 20:51:52,122 | INFO | Late delivery rate: 7.87%
2026-03-24 20:51:52,124 | INFO | Null review scores: 768 (0.77%)
2026-03-24 20:51:52,124 | INFO | ALL CHECKS NORMAL — No anomalies detected
2026-03-24 20:51:52,127 | INFO | MONITORING COMPLETE
2026-03-24 21:03:34,156 | INFO | Total orders: 99,441
2026-03-24 21:03:34,167 | INFO | Today's orders: 0
2026-03-24 21:03:34,168 | INFO | Yesterday's orders: 0
2026-03-24 21:03:34,169 | INFO | Late delivery rate: 7.87%
2026-03-24 21:03:34,171 | INFO | Null reviews: 768 (0.77%)
2026-03-24 21:03:34,171 | INFO | Data Quality Score: 100/100
2026-03-25 00:36:50,065 | INFO | Total orders: 99,441
2026-03-25 00:36:50,080 | INFO | Today's orders: 0
2026-03-25 00:36:50,080 | INFO | Yesterday's orders: 0
2026-03-25 00:36:50,086 | INFO | Late delivery rate: 7.87%
2026-03-25 00:36:50,087 | INFO | Null reviews: 768 (0.77%)
2026-03-25 00:36:50,088 | INFO | Data Quality Score: 100/100
2026-03-25 00:38:25,775 | INFO |  STARTING DAILY MONITORING
2026-03-25 00:38:25,799 | INFO | Total orders: 99,441
2026-03-25 00:38:25,802 | INFO | Today's orders: 0
2026-03-25 00:38:25,802 | INFO | Yesterday's orders: 0
2026-03-25 00:38:25,804 | INFO | Late delivery rate: 7.87%
2026-03-25 00:38:25,806 | INFO | Null reviews: 768 (0.77%)
2026-03-25 00:38:25,806 | INFO | Data Quality Score: 100/100
2026-03-25 00:38:26,335 | INFO |  ALL CHECKS PASSED — System healthy
2026-03-25 00:38:26,349 | INFO |  MONITORING COMPLETE
